<?xml version="1.0" encoding="UTF-8"?>
<testsuite xmlns:xsi="http://www.w3.org/2001/XMLSchema-instance" xsi:schemaLocation="https://maven.apache.org/surefire/maven-surefire-plugin/xsd/surefire-test-report.xsd" name="TestSuite" time="63.619" tests="1" errors="0" skipped="0" failures="0">
  <properties>
    <property name="java.vendor" value="Oracle Corporation"/>
    <property name="JOB_NAME" value="CommandCenter"/>
    <property name="PWD" value="/Users/esneyddisguerrerodurand"/>
    <property name="sun.java.launcher" value="SUN_STANDARD"/>
    <property name="sun.management.compiler" value="HotSpot 64-Bit Tiered Compilers"/>
    <property name="JENKINS_HOME" value="/Users/esneyddisguerrerodurand/.jenkins"/>
    <property name="PATH" value="/usr/local/bin:/usr/bin:/bin:/usr/sbin:/sbin:/Users/esneyddisguerrerodurand/apache-maven-3.6.3/bin/:/usr/local/git/bin:/Users/esneyddisguerrerodurand/Library/Android/sdk/platform-tools/"/>
    <property name="HUDSON_SERVER_COOKIE" value="30ae9017eafb8dfc"/>
    <property name="POM_ARTIFACTID" value="commandCenter"/>
    <property name="os.name" value="Mac OS X"/>
    <property name="TERM_PROGRAM" value="Apple_Terminal"/>
    <property name="sun.boot.class.path" value="/Library/Java/JavaVirtualMachines/jdk1.8.0_221.jdk/Contents/Home/jre/lib/resources.jar:/Library/Java/JavaVirtualMachines/jdk1.8.0_221.jdk/Contents/Home/jre/lib/rt.jar:/Library/Java/JavaVirtualMachines/jdk1.8.0_221.jdk/Contents/Home/jre/lib/sunrsasign.jar:/Library/Java/JavaVirtualMachines/jdk1.8.0_221.jdk/Contents/Home/jre/lib/jsse.jar:/Library/Java/JavaVirtualMachines/jdk1.8.0_221.jdk/Contents/Home/jre/lib/jce.jar:/Library/Java/JavaVirtualMachines/jdk1.8.0_221.jdk/Contents/Home/jre/lib/charsets.jar:/Library/Java/JavaVirtualMachines/jdk1.8.0_221.jdk/Contents/Home/jre/lib/jfr.jar:/Library/Java/JavaVirtualMachines/jdk1.8.0_221.jdk/Contents/Home/jre/classes"/>
    <property name="EXECUTOR_NUMBER" value="1"/>
    <property name="TERM_SESSION_ID" value="D2E6CF08-4506-44D6-AF18-C20E8AA9E82C"/>
    <property name="java.vm.specification.vendor" value="Oracle Corporation"/>
    <property name="POM_DISPLAYNAME" value="commandCenter"/>
    <property name="NODE_LABELS" value="master"/>
    <property name="java.runtime.version" value="1.8.0_221-b11"/>
    <property name="user.name" value="esneyddisguerrerodurand"/>
    <property name="guice.disable.misplaced.annotation.check" value="true"/>
    <property name="SECURITYSESSIONID" value="186aa"/>
    <property name="user.language" value="en"/>
    <property name="JOB_BASE_NAME" value="CommandCenter"/>
    <property name="RUN_CHANGES_DISPLAY_URL" value="http://localhost:8080/job/CommandCenter/4/display/redirect?page=changes"/>
    <property name="BUILD_DISPLAY_NAME" value="#4"/>
    <property name="TMPDIR" value="/var/folders/3b/gnw6433s69x48pq0t9s26cv40000gn/T/"/>
    <property name="sun.boot.library.path" value="/Library/Java/JavaVirtualMachines/jdk1.8.0_221.jdk/Contents/Home/jre/lib"/>
    <property name="java.version" value="1.8.0_221"/>
    <property name="XPC_FLAGS" value="0x0"/>
    <property name="user.timezone" value="America/Montevideo"/>
    <property name="sun.arch.data.model" value="64"/>
    <property name="NODE_NAME" value="master"/>
    <property name="TERM" value="xterm-256color"/>
    <property name="http.nonProxyHosts" value="local|*.local|169.254/16|*.169.254/16|127.0.0.1|http://local.openhouse.eclipse.tech|*.http://local.openhouse.eclipse.tech"/>
    <property name="java.endorsed.dirs" value="/Library/Java/JavaVirtualMachines/jdk1.8.0_221.jdk/Contents/Home/jre/lib/endorsed"/>
    <property name="BUILD_ID" value="4"/>
    <property name="sun.cpu.isalist" value=""/>
    <property name="sun.jnu.encoding" value="UTF-8"/>
    <property name="file.encoding.pkg" value="sun.io"/>
    <property name="SHELL" value="/bin/bash"/>
    <property name="file.separator" value="/"/>
    <property name="java.specification.name" value="Java Platform API Specification"/>
    <property name="maven.conf" value="/Users/esneyddisguerrerodurand/apache-maven-3.6.3/conf"/>
    <property name="java.class.version" value="52.0"/>
    <property name="org.slf4j.simpleLogger.defaultLogLevel" value="info"/>
    <property name="user.country" value="UY"/>
    <property name="java.home" value="/Library/Java/JavaVirtualMachines/jdk1.8.0_221.jdk/Contents/Home/jre"/>
    <property name="java.vm.info" value="mixed mode"/>
    <property name="os.version" value="10.13.6"/>
    <property name="RUN_DISPLAY_URL" value="http://localhost:8080/job/CommandCenter/4/display/redirect"/>
    <property name="POM_VERSION" value="1.0-SNAPSHOT"/>
    <property name="sun.font.fontmanager" value="sun.font.CFontManager"/>
    <property name="path.separator" value=":"/>
    <property name="java.vm.version" value="25.221-b11"/>
    <property name="JOB_DISPLAY_URL" value="http://localhost:8080/job/CommandCenter/display/redirect"/>
    <property name="SHLVL" value="1"/>
    <property name="_" value="/usr/bin/java"/>
    <property name="java.awt.printerjob" value="sun.lwawt.macosx.CPrinterJob"/>
    <property name="JAVA_HOME" value="/Library/Java/JavaVirtualMachines/jdk1.8.0_221.jdk/Contents/Home"/>
    <property name="sun.io.unicode.encoding" value="UnicodeBig"/>
    <property name="awt.toolkit" value="sun.lwawt.macosx.LWCToolkit"/>
    <property name="LOGNAME" value="esneyddisguerrerodurand"/>
    <property name="socksNonProxyHosts" value="local|*.local|169.254/16|*.169.254/16|127.0.0.1|http://local.openhouse.eclipse.tech|*.http://local.openhouse.eclipse.tech"/>
    <property name="POM_PACKAGING" value="jar"/>
    <property name="ftp.nonProxyHosts" value="local|*.local|169.254/16|*.169.254/16|127.0.0.1|http://local.openhouse.eclipse.tech|*.http://local.openhouse.eclipse.tech"/>
    <property name="HOME" value="/Users/esneyddisguerrerodurand"/>
    <property name="POM_GROUPID" value="org.example"/>
    <property name="user.home" value="/Users/esneyddisguerrerodurand"/>
    <property name="BUILD_TAG" value="jenkins-CommandCenter-4"/>
    <property name="JENKINS_SERVER_COOKIE" value="30ae9017eafb8dfc"/>
    <property name="HUDSON_URL" value="http://localhost:8080/"/>
    <property name="XPC_SERVICE_NAME" value="0"/>
    <property name="java.specification.vendor" value="Oracle Corporation"/>
    <property name="CLASSPATH" value=""/>
    <property name="java.vendor.url" value="http://java.oracle.com/"/>
    <property name="java.library.path" value="/Users/esneyddisguerrerodurand/Library/Java/Extensions:/Library/Java/Extensions:/Network/Library/Java/Extensions:/System/Library/Java/Extensions:/usr/lib/java:."/>
    <property name="JAVA_MAIN_CLASS_14243" value="Main"/>
    <property name="Apple_PubSub_Socket_Render" value="/private/tmp/com.apple.launchd.QN1DpEbb1j/Render"/>
    <property name="gopherProxySet" value="false"/>
    <property name="java.vm.vendor" value="Oracle Corporation"/>
    <property name="java.runtime.name" value="Java(TM) SE Runtime Environment"/>
    <property name="maven.home" value="/Users/esneyddisguerrerodurand/apache-maven-3.6.3"/>
    <property name="java.class.path" value="/Users/esneyddisguerrerodurand/.jenkins/plugins/maven-plugin/WEB-INF/lib/maven35-agent-1.13.jar:/Users/esneyddisguerrerodurand/apache-maven-3.6.3/boot/plexus-classworlds-2.6.0.jar:/Users/esneyddisguerrerodurand/apache-maven-3.6.3/conf/logging"/>
    <property name="sun.java.command" value="jenkins.maven3.agent.Maven35Main /Users/esneyddisguerrerodurand/apache-maven-3.6.3/ /Users/esneyddisguerrerodurand/.jenkins/war/WEB-INF/lib/remoting-4.5.jar /Users/esneyddisguerrerodurand/.jenkins/plugins/maven-plugin/WEB-INF/lib/maven35-interceptor-1.13.jar /Users/esneyddisguerrerodurand/.jenkins/plugins/maven-plugin/WEB-INF/lib/maven3-interceptor-commons-1.13.jar 65388"/>
    <property name="java.vm.specification.name" value="Java Virtual Machine Specification"/>
    <property name="java.vm.specification.version" value="1.8"/>
    <property name="sun.os.patch.level" value="unknown"/>
    <property name="sun.cpu.endian" value="little"/>
    <property name="M2_HOME" value="/Users/esneyddisguerrerodurand/apache-maven-3.6.3/"/>
    <property name="java.io.tmpdir" value="/var/folders/3b/gnw6433s69x48pq0t9s26cv40000gn/T/"/>
    <property name="HUDSON_HOME" value="/Users/esneyddisguerrerodurand/.jenkins"/>
    <property name="PATH+MAVEN" value="/Users/esneyddisguerrerodurand/apache-maven-3.6.3//bin"/>
    <property name="BUILD_URL" value="http://localhost:8080/job/CommandCenter/4/"/>
    <property name="java.vendor.url.bug" value="http://bugreport.sun.com/bugreport/"/>
    <property name="SSH_AUTH_SOCK" value="/private/tmp/com.apple.launchd.ejukzKzumP/Listeners"/>
    <property name="LC_CTYPE" value="UTF-8"/>
    <property name="java.awt.graphicsenv" value="sun.awt.CGraphicsEnvironment"/>
    <property name="os.arch" value="x86_64"/>
    <property name="java.ext.dirs" value="/Users/esneyddisguerrerodurand/Library/Java/Extensions:/Library/Java/JavaVirtualMachines/jdk1.8.0_221.jdk/Contents/Home/jre/lib/ext:/Library/Java/Extensions:/Network/Library/Java/Extensions:/System/Library/Java/Extensions:/usr/lib/java"/>
    <property name="__CF_USER_TEXT_ENCODING" value="0x1F5:0x0:0x0"/>
    <property name="user.dir" value="/Users/esneyddisguerrerodurand/IdeaProjects/commandCenter"/>
    <property name="JOB_URL" value="http://localhost:8080/job/CommandCenter/"/>
    <property name="line.separator" value="&#10;"/>
    <property name="MAVEN_HOME" value="/Users/esneyddisguerrerodurand/apache-maven-3.6.3/"/>
    <property name="java.vm.name" value="Java HotSpot(TM) 64-Bit Server VM"/>
    <property name="BUILD_NUMBER" value="4"/>
    <property name="ANDROID_HOME" value="/Users/esneyddisguerrerodurand/Library/Android/sdk"/>
    <property name="JENKINS_URL" value="http://localhost:8080/"/>
    <property name="TERM_PROGRAM_VERSION" value="404.1"/>
    <property name="file.encoding" value="UTF-8"/>
    <property name="maven3.interceptor" value="/Users/esneyddisguerrerodurand/.jenkins/plugins/maven-plugin/WEB-INF/lib/maven35-interceptor-1.13.jar"/>
    <property name="WORKSPACE_TMP" value="/Users/esneyddisguerrerodurand/.jenkins/workspace/CommandCenter@tmp"/>
    <property name="WORKSPACE" value="/Users/esneyddisguerrerodurand/.jenkins/workspace/CommandCenter"/>
    <property name="maven3.interceptor.common" value="/Users/esneyddisguerrerodurand/.jenkins/plugins/maven-plugin/WEB-INF/lib/maven3-interceptor-commons-1.13.jar"/>
    <property name="GEM_PATH" value="file:/Users/esneyddisguerrerodurand/.jenkins/plugins/ruby-runtime/WEB-INF/lib/stapler-jruby-1.209.jar!/gem/"/>
    <property name="java.specification.version" value="1.8"/>
    <property name="USER" value="esneyddisguerrerodurand"/>
  </properties>
  <testcase name="scenario" classname="TestRunner.Runner" time="61.868"/>
</testsuite>