<?xml version="1.0" encoding="UTF-8"?>
<!-- Generated by org.testng.reporters.JUnitReportReporter -->
<testsuite skipped="0" hostname="Esneyddiss-Mac-mini.local" name="TestRunner.Runner" tests="1" failures="0" timestamp="2020-09-07T14:47:20 UYT" time="61.850" errors="0">
  <testcase name="scenario" time="61.850" classname="TestRunner.Runner"/>
  <system-out/>
</testsuite> <!-- TestRunner.Runner -->
